<?xml version="1.0" encoding="UTF-8"?>
<!-- Generated by org.testng.reporters.JUnitXMLReporter -->
<testsuite ignored="0" hostname="manoharyadav" failures="0" tests="3" name="Test" time="5.912" errors="0" timestamp="2022-05-23T07:51:03 IST">
  <testcase classname="phase5project2.testing" name="launchchrome" time="5.445"/>
  <testcase classname="phase5project2.testing" name="login" time="0.397"/>
  <testcase classname="phase5project2.AppTest" name="testApp" time="0.006"/>
</testsuite> <!-- Test -->
