<?xml version="1.0" encoding="UTF-8"?>
<testng-results skipped="0" failed="0" ignored="0" total="1" passed="1">
  <reporter-output>
  </reporter-output>
  <suite name="phase5project2.AppTest" duration-ms="122" started-at="2022-05-23T15:36:55 IST" finished-at="2022-05-23T15:36:55 IST">
    <groups>
    </groups>
    <test name="Command line test" duration-ms="122" started-at="2022-05-23T15:36:55 IST" finished-at="2022-05-23T15:36:55 IST">
      <class name="phase5project2.AppTest">
        <test-method status="PASS" signature="testApp()[pri:0, instance:phase5project2.AppTest@43814d18]" name="testApp" duration-ms="17" started-at="2022-05-23T15:36:55 IST" finished-at="2022-05-23T15:36:55 IST">
          <reporter-output>
          </reporter-output>
        </test-method> <!-- testApp -->
      </class> <!-- phase5project2.AppTest -->
    </test> <!-- Command line test -->
  </suite> <!-- phase5project2.AppTest -->
</testng-results>
