<?xml version="1.0" encoding="UTF-8"?>
<testng-results ignored="0" total="3" passed="3" failed="0" skipped="0">
  <reporter-output>
  </reporter-output>
  <suite started-at="2022-05-23T07:50:57 IST" name="Suite" finished-at="2022-05-23T07:51:03 IST" duration-ms="5912">
    <groups>
      <group name="chrome">
        <method signature="testing.launchchrome()[pri:0, instance:phase5project2.testing@614ca7df]" name="launchchrome" class="phase5project2.testing"/>
        <method signature="testing.login()[pri:0, instance:phase5project2.testing@614ca7df]" name="login" class="phase5project2.testing"/>
      </group> <!-- chrome -->
    </groups>
    <test started-at="2022-05-23T07:50:57 IST" name="Test" finished-at="2022-05-23T07:51:03 IST" duration-ms="5912">
      <class name="phase5project2.testing">
        <test-method signature="launchchrome()[pri:0, instance:phase5project2.testing@614ca7df]" started-at="2022-05-23T07:50:57 IST" name="launchchrome" finished-at="2022-05-23T07:51:03 IST" duration-ms="5445" status="PASS">
          <reporter-output>
          </reporter-output>
        </test-method> <!-- launchchrome -->
        <test-method signature="login()[pri:0, instance:phase5project2.testing@614ca7df]" started-at="2022-05-23T07:51:03 IST" name="login" finished-at="2022-05-23T07:51:03 IST" depends-on-methods="phase5project2.testing.launchchrome" duration-ms="397" status="PASS">
          <reporter-output>
          </reporter-output>
        </test-method> <!-- login -->
      </class> <!-- phase5project2.testing -->
      <class name="phase5project2.AppTest">
        <test-method signature="testApp()[pri:0, instance:phase5project2.AppTest@bae7dc0]" started-at="2022-05-23T07:51:03 IST" name="testApp" finished-at="2022-05-23T07:51:03 IST" duration-ms="6" status="PASS">
          <reporter-output>
          </reporter-output>
        </test-method> <!-- testApp -->
      </class> <!-- phase5project2.AppTest -->
    </test> <!-- Test -->
  </suite> <!-- Suite -->
</testng-results>
